2024-08-29 17:42:22,208 [INFO] sqlalchemy.engine.Engine: select pg_catalog.version()
2024-08-29 17:42:22,208 [INFO] sqlalchemy.engine.Engine: [raw sql] ()
2024-08-29 17:42:22,208 [INFO] sqlalchemy.engine.Engine: select current_schema()
2024-08-29 17:42:22,208 [INFO] sqlalchemy.engine.Engine: [raw sql] ()
2024-08-29 17:42:22,208 [INFO] sqlalchemy.engine.Engine: show standard_conforming_strings
2024-08-29 17:42:22,208 [INFO] sqlalchemy.engine.Engine: [raw sql] ()
2024-08-29 17:42:22,208 [INFO] sqlalchemy.engine.Engine: BEGIN (implicit)
2024-08-29 17:42:22,208 [INFO] sqlalchemy.engine.Engine: COMMIT
2024-08-29 17:42:22,208 [INFO] sqlalchemy.engine.Engine: BEGIN (implicit)
2024-08-29 17:42:22,208 [INFO] sqlalchemy.engine.Engine: COMMIT
2024-08-29 17:42:58,691 [INFO] sqlalchemy.engine.Engine: select pg_catalog.version()
2024-08-29 17:42:58,691 [INFO] sqlalchemy.engine.Engine: [raw sql] ()
2024-08-29 17:42:58,707 [INFO] sqlalchemy.engine.Engine: select current_schema()
2024-08-29 17:42:58,707 [INFO] sqlalchemy.engine.Engine: [raw sql] ()
2024-08-29 17:42:58,707 [INFO] sqlalchemy.engine.Engine: show standard_conforming_strings
2024-08-29 17:42:58,707 [INFO] sqlalchemy.engine.Engine: [raw sql] ()
2024-08-29 17:42:58,707 [INFO] sqlalchemy.engine.Engine: BEGIN (implicit)
2024-08-29 17:42:58,707 [INFO] sqlalchemy.engine.Engine: COMMIT
2024-08-29 17:42:58,707 [INFO] sqlalchemy.engine.Engine: BEGIN (implicit)
2024-08-29 17:42:58,707 [INFO] sqlalchemy.engine.Engine: COMMIT
2024-08-29 17:42:58,863 [INFO] sqlalchemy.engine.Engine: select pg_catalog.version()
2024-08-29 17:42:58,863 [INFO] sqlalchemy.engine.Engine: [raw sql] ()
2024-08-29 17:42:58,863 [INFO] sqlalchemy.engine.Engine: select current_schema()
2024-08-29 17:42:58,863 [INFO] sqlalchemy.engine.Engine: [raw sql] ()
2024-08-29 17:42:58,863 [INFO] sqlalchemy.engine.Engine: show standard_conforming_strings
2024-08-29 17:42:58,863 [INFO] sqlalchemy.engine.Engine: [raw sql] ()
2024-08-29 17:42:58,863 [INFO] sqlalchemy.engine.Engine: BEGIN (implicit)
2024-08-29 17:42:58,863 [INFO] sqlalchemy.engine.Engine: COMMIT
2024-08-29 17:42:58,879 [INFO] sqlalchemy.engine.Engine: BEGIN (implicit)
2024-08-29 17:42:58,879 [INFO] sqlalchemy.engine.Engine: COMMIT
2024-08-29 17:43:58,144 [INFO] sqlalchemy.engine.Engine: select pg_catalog.version()
2024-08-29 17:43:58,144 [INFO] sqlalchemy.engine.Engine: [raw sql] ()
2024-08-29 17:43:58,144 [INFO] sqlalchemy.engine.Engine: select current_schema()
2024-08-29 17:43:58,144 [INFO] sqlalchemy.engine.Engine: [raw sql] ()
2024-08-29 17:43:58,144 [INFO] sqlalchemy.engine.Engine: show standard_conforming_strings
2024-08-29 17:43:58,144 [INFO] sqlalchemy.engine.Engine: [raw sql] ()
2024-08-29 17:43:58,144 [INFO] sqlalchemy.engine.Engine: BEGIN (implicit)
2024-08-29 17:43:58,144 [INFO] sqlalchemy.engine.Engine: COMMIT
2024-08-29 17:43:58,144 [INFO] sqlalchemy.engine.Engine: BEGIN (implicit)
2024-08-29 17:43:58,144 [INFO] sqlalchemy.engine.Engine: COMMIT
2024-08-29 17:45:48,269 [INFO] sqlalchemy.engine.Engine: select pg_catalog.version()
2024-08-29 17:45:48,269 [INFO] sqlalchemy.engine.Engine: [raw sql] ()
2024-08-29 17:45:48,269 [INFO] sqlalchemy.engine.Engine: select current_schema()
2024-08-29 17:45:48,269 [INFO] sqlalchemy.engine.Engine: [raw sql] ()
2024-08-29 17:45:48,285 [INFO] sqlalchemy.engine.Engine: show standard_conforming_strings
2024-08-29 17:45:48,285 [INFO] sqlalchemy.engine.Engine: [raw sql] ()
2024-08-29 17:45:48,285 [INFO] sqlalchemy.engine.Engine: BEGIN (implicit)
2024-08-29 17:45:48,285 [INFO] sqlalchemy.engine.Engine: SELECT pg_catalog.pg_class.relname 
FROM pg_catalog.pg_class JOIN pg_catalog.pg_namespace ON pg_catalog.pg_namespace.oid = pg_catalog.pg_class.relnamespace 
WHERE pg_catalog.pg_class.relname = $1::VARCHAR AND pg_catalog.pg_class.relkind = ANY (ARRAY[$2::VARCHAR, $3::VARCHAR, $4::VARCHAR, $5::VARCHAR, $6::VARCHAR]) AND pg_catalog.pg_table_is_visible(pg_catalog.pg_class.oid) AND pg_catalog.pg_namespace.nspname != $7::VARCHAR
2024-08-29 17:45:48,285 [INFO] sqlalchemy.engine.Engine: [generated in 0.00079s] ('users', 'r', 'p', 'f', 'v', 'm', 'pg_catalog')
2024-08-29 17:45:48,303 [INFO] sqlalchemy.engine.Engine: 
CREATE TABLE users (
	id SERIAL NOT NULL, 
	email VARCHAR NOT NULL, 
	hashed_password VARCHAR NOT NULL, 
	full_name VARCHAR, 
	is_active BOOLEAN, 
	is_superuser BOOLEAN, 
	PRIMARY KEY (id)
)


2024-08-29 17:45:48,304 [INFO] sqlalchemy.engine.Engine: [no key 0.00132s] ()
2024-08-29 17:45:48,328 [INFO] sqlalchemy.engine.Engine: CREATE UNIQUE INDEX ix_users_email ON users (email)
2024-08-29 17:45:48,328 [INFO] sqlalchemy.engine.Engine: [no key 0.00056s] ()
2024-08-29 17:45:48,332 [INFO] sqlalchemy.engine.Engine: CREATE INDEX ix_users_id ON users (id)
2024-08-29 17:45:48,332 [INFO] sqlalchemy.engine.Engine: [no key 0.00057s] ()
2024-08-29 17:45:48,332 [INFO] sqlalchemy.engine.Engine: COMMIT
2024-08-29 17:45:48,332 [INFO] sqlalchemy.engine.Engine: BEGIN (implicit)
2024-08-29 17:45:48,332 [INFO] sqlalchemy.engine.Engine: SELECT pg_catalog.pg_class.relname 
FROM pg_catalog.pg_class JOIN pg_catalog.pg_namespace ON pg_catalog.pg_namespace.oid = pg_catalog.pg_class.relnamespace 
WHERE pg_catalog.pg_class.relname = $1::VARCHAR AND pg_catalog.pg_class.relkind = ANY (ARRAY[$2::VARCHAR, $3::VARCHAR, $4::VARCHAR, $5::VARCHAR, $6::VARCHAR]) AND pg_catalog.pg_table_is_visible(pg_catalog.pg_class.oid) AND pg_catalog.pg_namespace.nspname != $7::VARCHAR
2024-08-29 17:45:48,332 [INFO] sqlalchemy.engine.Engine: [cached since 0.04848s ago] ('users', 'r', 'p', 'f', 'v', 'm', 'pg_catalog')
2024-08-29 17:45:48,332 [INFO] sqlalchemy.engine.Engine: COMMIT
2024-08-29 17:45:53,253 [INFO] sqlalchemy.engine.Engine: select pg_catalog.version()
2024-08-29 17:45:53,253 [INFO] sqlalchemy.engine.Engine: [raw sql] ()
2024-08-29 17:45:53,253 [INFO] sqlalchemy.engine.Engine: select current_schema()
2024-08-29 17:45:53,253 [INFO] sqlalchemy.engine.Engine: [raw sql] ()
2024-08-29 17:45:53,253 [INFO] sqlalchemy.engine.Engine: show standard_conforming_strings
2024-08-29 17:45:53,253 [INFO] sqlalchemy.engine.Engine: [raw sql] ()
2024-08-29 17:45:53,253 [INFO] sqlalchemy.engine.Engine: BEGIN (implicit)
2024-08-29 17:45:53,269 [INFO] sqlalchemy.engine.Engine: SELECT pg_catalog.pg_class.relname 
FROM pg_catalog.pg_class JOIN pg_catalog.pg_namespace ON pg_catalog.pg_namespace.oid = pg_catalog.pg_class.relnamespace 
WHERE pg_catalog.pg_class.relname = $1::VARCHAR AND pg_catalog.pg_class.relkind = ANY (ARRAY[$2::VARCHAR, $3::VARCHAR, $4::VARCHAR, $5::VARCHAR, $6::VARCHAR]) AND pg_catalog.pg_table_is_visible(pg_catalog.pg_class.oid) AND pg_catalog.pg_namespace.nspname != $7::VARCHAR
2024-08-29 17:45:53,269 [INFO] sqlalchemy.engine.Engine: [generated in 0.00087s] ('users', 'r', 'p', 'f', 'v', 'm', 'pg_catalog')
2024-08-29 17:45:53,269 [INFO] sqlalchemy.engine.Engine: COMMIT
2024-08-29 17:45:53,269 [INFO] sqlalchemy.engine.Engine: BEGIN (implicit)
2024-08-29 17:45:53,269 [INFO] sqlalchemy.engine.Engine: SELECT pg_catalog.pg_class.relname 
FROM pg_catalog.pg_class JOIN pg_catalog.pg_namespace ON pg_catalog.pg_namespace.oid = pg_catalog.pg_class.relnamespace 
WHERE pg_catalog.pg_class.relname = $1::VARCHAR AND pg_catalog.pg_class.relkind = ANY (ARRAY[$2::VARCHAR, $3::VARCHAR, $4::VARCHAR, $5::VARCHAR, $6::VARCHAR]) AND pg_catalog.pg_table_is_visible(pg_catalog.pg_class.oid) AND pg_catalog.pg_namespace.nspname != $7::VARCHAR
2024-08-29 17:45:53,269 [INFO] sqlalchemy.engine.Engine: [cached since 0.01103s ago] ('users', 'r', 'p', 'f', 'v', 'm', 'pg_catalog')
2024-08-29 17:45:53,284 [INFO] sqlalchemy.engine.Engine: COMMIT
2024-08-29 17:48:52,550 [INFO] sqlalchemy.engine.Engine: select pg_catalog.version()
2024-08-29 17:48:52,550 [INFO] sqlalchemy.engine.Engine: [raw sql] ()
2024-08-29 17:48:52,566 [INFO] sqlalchemy.engine.Engine: select current_schema()
2024-08-29 17:48:52,566 [INFO] sqlalchemy.engine.Engine: [raw sql] ()
2024-08-29 17:48:52,566 [INFO] sqlalchemy.engine.Engine: show standard_conforming_strings
2024-08-29 17:48:52,566 [INFO] sqlalchemy.engine.Engine: [raw sql] ()
2024-08-29 17:48:52,566 [INFO] sqlalchemy.engine.Engine: BEGIN (implicit)
2024-08-29 17:48:52,566 [INFO] sqlalchemy.engine.Engine: SELECT pg_catalog.pg_class.relname 
FROM pg_catalog.pg_class JOIN pg_catalog.pg_namespace ON pg_catalog.pg_namespace.oid = pg_catalog.pg_class.relnamespace 
WHERE pg_catalog.pg_class.relname = $1::VARCHAR AND pg_catalog.pg_class.relkind = ANY (ARRAY[$2::VARCHAR, $3::VARCHAR, $4::VARCHAR, $5::VARCHAR, $6::VARCHAR]) AND pg_catalog.pg_table_is_visible(pg_catalog.pg_class.oid) AND pg_catalog.pg_namespace.nspname != $7::VARCHAR
2024-08-29 17:48:52,566 [INFO] sqlalchemy.engine.Engine: [generated in 0.00082s] ('users', 'r', 'p', 'f', 'v', 'm', 'pg_catalog')
2024-08-29 17:48:52,581 [INFO] sqlalchemy.engine.Engine: COMMIT
2024-08-29 17:48:52,581 [INFO] sqlalchemy.engine.Engine: BEGIN (implicit)
2024-08-29 17:48:52,581 [INFO] sqlalchemy.engine.Engine: SELECT pg_catalog.pg_class.relname 
FROM pg_catalog.pg_class JOIN pg_catalog.pg_namespace ON pg_catalog.pg_namespace.oid = pg_catalog.pg_class.relnamespace 
WHERE pg_catalog.pg_class.relname = $1::VARCHAR AND pg_catalog.pg_class.relkind = ANY (ARRAY[$2::VARCHAR, $3::VARCHAR, $4::VARCHAR, $5::VARCHAR, $6::VARCHAR]) AND pg_catalog.pg_table_is_visible(pg_catalog.pg_class.oid) AND pg_catalog.pg_namespace.nspname != $7::VARCHAR
2024-08-29 17:48:52,581 [INFO] sqlalchemy.engine.Engine: [cached since 0.01071s ago] ('users', 'r', 'p', 'f', 'v', 'm', 'pg_catalog')
2024-08-29 17:48:52,581 [INFO] sqlalchemy.engine.Engine: COMMIT
2024-08-29 17:57:38,016 [INFO] sqlalchemy.engine.Engine: select pg_catalog.version()
2024-08-29 17:57:38,016 [INFO] sqlalchemy.engine.Engine: [raw sql] ()
2024-08-29 17:57:38,031 [INFO] sqlalchemy.engine.Engine: select current_schema()
2024-08-29 17:57:38,031 [INFO] sqlalchemy.engine.Engine: [raw sql] ()
2024-08-29 17:57:38,031 [INFO] sqlalchemy.engine.Engine: show standard_conforming_strings
2024-08-29 17:57:38,031 [INFO] sqlalchemy.engine.Engine: [raw sql] ()
2024-08-29 17:57:38,031 [INFO] sqlalchemy.engine.Engine: BEGIN (implicit)
2024-08-29 17:57:38,031 [INFO] sqlalchemy.engine.Engine: SELECT pg_catalog.pg_class.relname 
FROM pg_catalog.pg_class JOIN pg_catalog.pg_namespace ON pg_catalog.pg_namespace.oid = pg_catalog.pg_class.relnamespace 
WHERE pg_catalog.pg_class.relname = $1::VARCHAR AND pg_catalog.pg_class.relkind = ANY (ARRAY[$2::VARCHAR, $3::VARCHAR, $4::VARCHAR, $5::VARCHAR, $6::VARCHAR]) AND pg_catalog.pg_table_is_visible(pg_catalog.pg_class.oid) AND pg_catalog.pg_namespace.nspname != $7::VARCHAR
2024-08-29 17:57:38,031 [INFO] sqlalchemy.engine.Engine: [generated in 0.00078s] ('users', 'r', 'p', 'f', 'v', 'm', 'pg_catalog')
2024-08-29 17:57:38,047 [INFO] sqlalchemy.engine.Engine: COMMIT
2024-08-29 17:57:38,047 [INFO] sqlalchemy.engine.Engine: BEGIN (implicit)
2024-08-29 17:57:38,047 [INFO] sqlalchemy.engine.Engine: SELECT pg_catalog.pg_class.relname 
FROM pg_catalog.pg_class JOIN pg_catalog.pg_namespace ON pg_catalog.pg_namespace.oid = pg_catalog.pg_class.relnamespace 
WHERE pg_catalog.pg_class.relname = $1::VARCHAR AND pg_catalog.pg_class.relkind = ANY (ARRAY[$2::VARCHAR, $3::VARCHAR, $4::VARCHAR, $5::VARCHAR, $6::VARCHAR]) AND pg_catalog.pg_table_is_visible(pg_catalog.pg_class.oid) AND pg_catalog.pg_namespace.nspname != $7::VARCHAR
2024-08-29 17:57:38,047 [INFO] sqlalchemy.engine.Engine: [cached since 0.01003s ago] ('users', 'r', 'p', 'f', 'v', 'm', 'pg_catalog')
2024-08-29 17:57:38,047 [INFO] sqlalchemy.engine.Engine: COMMIT
2024-08-29 17:57:49,472 [INFO] sqlalchemy.engine.Engine: select pg_catalog.version()
2024-08-29 17:57:49,472 [INFO] sqlalchemy.engine.Engine: [raw sql] ()
2024-08-29 17:57:49,472 [INFO] sqlalchemy.engine.Engine: select current_schema()
2024-08-29 17:57:49,472 [INFO] sqlalchemy.engine.Engine: [raw sql] ()
2024-08-29 17:57:49,472 [INFO] sqlalchemy.engine.Engine: show standard_conforming_strings
2024-08-29 17:57:49,472 [INFO] sqlalchemy.engine.Engine: [raw sql] ()
2024-08-29 17:57:49,472 [INFO] sqlalchemy.engine.Engine: BEGIN (implicit)
2024-08-29 17:57:49,487 [INFO] sqlalchemy.engine.Engine: SELECT pg_catalog.pg_class.relname 
FROM pg_catalog.pg_class JOIN pg_catalog.pg_namespace ON pg_catalog.pg_namespace.oid = pg_catalog.pg_class.relnamespace 
WHERE pg_catalog.pg_class.relname = $1::VARCHAR AND pg_catalog.pg_class.relkind = ANY (ARRAY[$2::VARCHAR, $3::VARCHAR, $4::VARCHAR, $5::VARCHAR, $6::VARCHAR]) AND pg_catalog.pg_table_is_visible(pg_catalog.pg_class.oid) AND pg_catalog.pg_namespace.nspname != $7::VARCHAR
2024-08-29 17:57:49,487 [INFO] sqlalchemy.engine.Engine: [generated in 0.00075s] ('users', 'r', 'p', 'f', 'v', 'm', 'pg_catalog')
2024-08-29 17:57:49,487 [INFO] sqlalchemy.engine.Engine: COMMIT
2024-08-29 17:57:49,487 [INFO] sqlalchemy.engine.Engine: BEGIN (implicit)
2024-08-29 17:57:49,487 [INFO] sqlalchemy.engine.Engine: SELECT pg_catalog.pg_class.relname 
FROM pg_catalog.pg_class JOIN pg_catalog.pg_namespace ON pg_catalog.pg_namespace.oid = pg_catalog.pg_class.relnamespace 
WHERE pg_catalog.pg_class.relname = $1::VARCHAR AND pg_catalog.pg_class.relkind = ANY (ARRAY[$2::VARCHAR, $3::VARCHAR, $4::VARCHAR, $5::VARCHAR, $6::VARCHAR]) AND pg_catalog.pg_table_is_visible(pg_catalog.pg_class.oid) AND pg_catalog.pg_namespace.nspname != $7::VARCHAR
2024-08-29 17:57:49,487 [INFO] sqlalchemy.engine.Engine: [cached since 0.008679s ago] ('users', 'r', 'p', 'f', 'v', 'm', 'pg_catalog')
2024-08-29 17:57:49,487 [INFO] sqlalchemy.engine.Engine: COMMIT
2024-08-29 17:58:43,490 [INFO] sqlalchemy.engine.Engine: select pg_catalog.version()
2024-08-29 17:58:43,490 [INFO] sqlalchemy.engine.Engine: [raw sql] ()
2024-08-29 17:58:43,505 [INFO] sqlalchemy.engine.Engine: select current_schema()
2024-08-29 17:58:43,505 [INFO] sqlalchemy.engine.Engine: [raw sql] ()
2024-08-29 17:58:43,505 [INFO] sqlalchemy.engine.Engine: show standard_conforming_strings
2024-08-29 17:58:43,505 [INFO] sqlalchemy.engine.Engine: [raw sql] ()
2024-08-29 17:58:43,505 [INFO] sqlalchemy.engine.Engine: BEGIN (implicit)
2024-08-29 17:58:43,505 [INFO] sqlalchemy.engine.Engine: SELECT pg_catalog.pg_class.relname 
FROM pg_catalog.pg_class JOIN pg_catalog.pg_namespace ON pg_catalog.pg_namespace.oid = pg_catalog.pg_class.relnamespace 
WHERE pg_catalog.pg_class.relname = $1::VARCHAR AND pg_catalog.pg_class.relkind = ANY (ARRAY[$2::VARCHAR, $3::VARCHAR, $4::VARCHAR, $5::VARCHAR, $6::VARCHAR]) AND pg_catalog.pg_table_is_visible(pg_catalog.pg_class.oid) AND pg_catalog.pg_namespace.nspname != $7::VARCHAR
2024-08-29 17:58:43,505 [INFO] sqlalchemy.engine.Engine: [generated in 0.00091s] ('users', 'r', 'p', 'f', 'v', 'm', 'pg_catalog')
2024-08-29 17:58:43,521 [INFO] sqlalchemy.engine.Engine: COMMIT
2024-08-29 17:58:43,521 [INFO] sqlalchemy.engine.Engine: BEGIN (implicit)
2024-08-29 17:58:43,521 [INFO] sqlalchemy.engine.Engine: SELECT pg_catalog.pg_class.relname 
FROM pg_catalog.pg_class JOIN pg_catalog.pg_namespace ON pg_catalog.pg_namespace.oid = pg_catalog.pg_class.relnamespace 
WHERE pg_catalog.pg_class.relname = $1::VARCHAR AND pg_catalog.pg_class.relkind = ANY (ARRAY[$2::VARCHAR, $3::VARCHAR, $4::VARCHAR, $5::VARCHAR, $6::VARCHAR]) AND pg_catalog.pg_table_is_visible(pg_catalog.pg_class.oid) AND pg_catalog.pg_namespace.nspname != $7::VARCHAR
2024-08-29 17:58:43,521 [INFO] sqlalchemy.engine.Engine: [cached since 0.01135s ago] ('users', 'r', 'p', 'f', 'v', 'm', 'pg_catalog')
2024-08-29 17:58:43,521 [INFO] sqlalchemy.engine.Engine: COMMIT
2024-08-29 17:58:49,019 [INFO] sqlalchemy.engine.Engine: select pg_catalog.version()
2024-08-29 17:58:49,019 [INFO] sqlalchemy.engine.Engine: [raw sql] ()
2024-08-29 17:58:49,035 [INFO] sqlalchemy.engine.Engine: select current_schema()
2024-08-29 17:58:49,035 [INFO] sqlalchemy.engine.Engine: [raw sql] ()
2024-08-29 17:58:49,035 [INFO] sqlalchemy.engine.Engine: show standard_conforming_strings
2024-08-29 17:58:49,035 [INFO] sqlalchemy.engine.Engine: [raw sql] ()
2024-08-29 17:58:49,035 [INFO] sqlalchemy.engine.Engine: BEGIN (implicit)
2024-08-29 17:58:49,035 [INFO] sqlalchemy.engine.Engine: SELECT pg_catalog.pg_class.relname 
FROM pg_catalog.pg_class JOIN pg_catalog.pg_namespace ON pg_catalog.pg_namespace.oid = pg_catalog.pg_class.relnamespace 
WHERE pg_catalog.pg_class.relname = $1::VARCHAR AND pg_catalog.pg_class.relkind = ANY (ARRAY[$2::VARCHAR, $3::VARCHAR, $4::VARCHAR, $5::VARCHAR, $6::VARCHAR]) AND pg_catalog.pg_table_is_visible(pg_catalog.pg_class.oid) AND pg_catalog.pg_namespace.nspname != $7::VARCHAR
2024-08-29 17:58:49,035 [INFO] sqlalchemy.engine.Engine: [generated in 0.00084s] ('users', 'r', 'p', 'f', 'v', 'm', 'pg_catalog')
2024-08-29 17:58:49,051 [INFO] sqlalchemy.engine.Engine: COMMIT
2024-08-29 17:58:49,051 [INFO] sqlalchemy.engine.Engine: BEGIN (implicit)
2024-08-29 17:58:49,051 [INFO] sqlalchemy.engine.Engine: SELECT pg_catalog.pg_class.relname 
FROM pg_catalog.pg_class JOIN pg_catalog.pg_namespace ON pg_catalog.pg_namespace.oid = pg_catalog.pg_class.relnamespace 
WHERE pg_catalog.pg_class.relname = $1::VARCHAR AND pg_catalog.pg_class.relkind = ANY (ARRAY[$2::VARCHAR, $3::VARCHAR, $4::VARCHAR, $5::VARCHAR, $6::VARCHAR]) AND pg_catalog.pg_table_is_visible(pg_catalog.pg_class.oid) AND pg_catalog.pg_namespace.nspname != $7::VARCHAR
2024-08-29 17:58:49,051 [INFO] sqlalchemy.engine.Engine: [cached since 0.0108s ago] ('users', 'r', 'p', 'f', 'v', 'm', 'pg_catalog')
2024-08-29 17:58:49,051 [INFO] sqlalchemy.engine.Engine: COMMIT
